26.0 APEX_CODE,FINEST;APEX_PROFILING,INFO;CALLOUT,INFO;DB,INFO;SYSTEM,DEBUG;VALIDATION,INFO;VISUALFORCE,INFO;WAVE,INFO;WORKFLOW,INFO
00:00:00.14 (14962258)|ENTERING_MANAGED_PKG|synety
00:00:00.14 (16106595)|SOQL_EXECUTE_BEGIN|[13]|Aggregations:0|SELECT COUNT() FROM AsyncApexJob WHERE (JobType = 'BatchApex' AND status IN ('Queued', 'Processing', 'Preparing'))
00:00:00.14 (21165191)|SOQL_EXECUTE_END|[13]|Rows:0
00:00:00.14 (23230876)|ENTERING_MANAGED_PKG|synety
00:00:00.14 (23276620)|ENTERING_MANAGED_PKG|synety
00:00:00.128 (128714908)|CUMULATIVE_LIMIT_USAGE
00:00:00.128 (128714908)|LIMIT_USAGE_FOR_NS|(default)|
  Number of SOQL queries: 0 out of 100
  Number of query rows: 0 out of 50000
  Number of SOSL queries: 0 out of 20
  Number of DML statements: 0 out of 150
  Number of DML rows: 0 out of 10000
  Maximum CPU time: 0 out of 10000
  Maximum heap size: 0 out of 6000000
  Number of callouts: 0 out of 100
  Number of Email Invocations: 0 out of 10
  Number of future calls: 0 out of 50
  Number of queueable jobs added to the queue: 0 out of 50
  Number of Mobile Apex push calls: 0 out of 10

00:00:00.128 (128714908)|LIMIT_USAGE_FOR_NS|synety|
  Number of SOQL queries: 1 out of 100
  Number of query rows: 0 out of 50000
  Number of SOSL queries: 0 out of 20
  Number of DML statements: 0 out of 150
  Number of DML rows: 0 out of 10000
  Maximum CPU time: 0 out of 10000
  Maximum heap size: 0 out of 6000000
  Number of callouts: 0 out of 100
  Number of Email Invocations: 0 out of 10
  Number of future calls: 0 out of 50
  Number of queueable jobs added to the queue: 0 out of 50
  Number of Mobile Apex push calls: 0 out of 10

00:00:00.128 (128714908)|CUMULATIVE_LIMIT_USAGE_END

