26.0 APEX_CODE,DEBUG;APEX_PROFILING,INFO;CALLOUT,INFO;DB,INFO;SYSTEM,DEBUG;VALIDATION,INFO;VISUALFORCE,DEBUG;WAVE,INFO;WORKFLOW,INFO
01:30:00.16 (16814958)|SOQL_EXECUTE_BEGIN|[14]|Aggregations:0|SELECT COUNT() FROM AsyncApexJob WHERE (JobType = 'BatchApex' AND status IN ('Queued', 'Processing', 'Preparing'))
01:30:00.16 (22598473)|SOQL_EXECUTE_END|[14]|Rows:0
01:30:00.147 (147791316)|CUMULATIVE_LIMIT_USAGE
01:30:00.147 (147791316)|LIMIT_USAGE_FOR_NS|(default)|
  Number of SOQL queries: 0 out of 100
  Number of query rows: 0 out of 50000
  Number of SOSL queries: 0 out of 20
  Number of DML statements: 0 out of 150
  Number of DML rows: 0 out of 10000
  Maximum CPU time: 0 out of 10000
  Maximum heap size: 0 out of 6000000
  Number of callouts: 0 out of 100
  Number of Email Invocations: 0 out of 10
  Number of future calls: 0 out of 50
  Number of queueable jobs added to the queue: 0 out of 50
  Number of Mobile Apex push calls: 0 out of 10

01:30:00.147 (147791316)|LIMIT_USAGE_FOR_NS|synety|
  Number of SOQL queries: 1 out of 100
  Number of query rows: 0 out of 50000
  Number of SOSL queries: 0 out of 20
  Number of DML statements: 0 out of 150
  Number of DML rows: 0 out of 10000
  Maximum CPU time: 0 out of 10000
  Maximum heap size: 0 out of 6000000
  Number of callouts: 0 out of 100
  Number of Email Invocations: 0 out of 10
  Number of future calls: 0 out of 50
  Number of queueable jobs added to the queue: 0 out of 50
  Number of Mobile Apex push calls: 0 out of 10

01:30:00.147 (147791316)|CUMULATIVE_LIMIT_USAGE_END

