26.0 APEX_CODE,DEBUG;APEX_PROFILING,INFO;CALLOUT,INFO;DB,INFO;SYSTEM,DEBUG;VALIDATION,INFO;VISUALFORCE,DEBUG;WAVE,INFO;WORKFLOW,INFO
01:00:01.28 (28847089)|SOQL_EXECUTE_BEGIN|[12]|Aggregations:0|SELECT id FROM user 
01:00:01.28 (70221097)|SOQL_EXECUTE_END|[12]|Rows:7
01:00:01.109 (109108512)|CUMULATIVE_LIMIT_USAGE
01:00:01.109 (109108512)|LIMIT_USAGE_FOR_NS|(default)|
  Number of SOQL queries: 0 out of 200
  Number of query rows: 0 out of 50000
  Number of SOSL queries: 0 out of 20
  Number of DML statements: 0 out of 150
  Number of DML rows: 0 out of 10000
  Maximum CPU time: 0 out of 60000
  Maximum heap size: 0 out of 12000000
  Number of callouts: 0 out of 0
  Number of Email Invocations: 0 out of 10
  Number of future calls: 0 out of 0
  Number of queueable jobs added to the queue: 0 out of 1
  Number of Mobile Apex push calls: 0 out of 10

01:00:01.109 (109108512)|CUMULATIVE_LIMIT_USAGE_END

ber of Mobile Apex push calls: 0 out of 10

01:00:01.191 (191654424)|LIMIT_USAGE_FOR_NS|synety|
  Number of SOQL queries: 1 out of 100
  Number of query rows: 0 out of 50000
  Number of SOSL queries: 0 out of 20
  Number of DML statements: 0 out of 150
  Number of DML rows: 0 out of 10000
  Maximum CPU time: 0 out of 10000
  Maximum heap size: 0 out of 6000000
  Number of callouts: 0 out of 100
  Number of Email Invocations: 0 out of 10
  Number of future calls: 0 out of 50
  Number of queueable jobs added to the queue: 0 out of 50
  Number of Mobile Apex push calls: 0 out of 10

01:00:01.191 (191654424)|CUMULATIVE_LIMIT_USAGE_END

